build/app/intermediates/manifest_merge_blame_file/debug/manifest-merger-blame-debug-report.txt
1<?xml version="1.0" encoding="utf-8"?>
2<manifest xmlns:android="http://schemas.android.com/apk/res/android"
3    package="co.tripd.app"
4    android:versionCode="1"
5    android:versionName="1.0.0" >
6
7    <uses-sdk
8        android:minSdkVersion="21"
9        android:targetSdkVersion="30" />
10    <!--
11         Flutter needs it to communicate with the running application
12         to allow setting breakpoints, to provide hot reload, etc.
13    -->
14    <uses-permission android:name="android.permission.INTERNET" />
14-->src/main/AndroidManifest.xml:57:5-66
14-->src/main/AndroidManifest.xml:57:22-64
15    <uses-permission android:name="android.permission.ACCESS_FINE_LOCATION" />
15-->src/main/AndroidManifest.xml:58:5-79
15-->src/main/AndroidManifest.xml:58:22-76
16    <uses-permission android:name="android.permission.ACCESS_COARSE_LOCATION" />
16-->src/main/AndroidManifest.xml:59:5-81
16-->src/main/AndroidManifest.xml:59:22-78
17    <uses-permission android:name="android.permission.ACCESS_BACKGROUND_LOCATION" />
17-->src/main/AndroidManifest.xml:60:5-85
17-->src/main/AndroidManifest.xml:60:22-82
18    <uses-permission android:name="android.permission.ACCESS_NETWORK_STATE" />
18-->[com.google.firebase:firebase-auth:21.0.1] AndroidManifest.xml:24:5-79
18-->[com.google.firebase:firebase-auth:21.0.1] AndroidManifest.xml:24:22-76
19    <uses-permission android:name="android.permission.WAKE_LOCK" />
19-->[com.google.android.gms:play-services-measurement-api:20.0.0] AndroidManifest.xml:24:5-68
19-->[com.google.android.gms:play-services-measurement-api:20.0.0] AndroidManifest.xml:24:22-65
20    <uses-permission android:name="com.google.android.finsky.permission.BIND_GET_INSTALL_REFERRER_SERVICE" />
20-->[com.google.android.gms:play-services-measurement:20.0.0] AndroidManifest.xml:26:5-110
20-->[com.google.android.gms:play-services-measurement:20.0.0] AndroidManifest.xml:26:22-107
21
22    <application
22-->src/main/AndroidManifest.xml:3:4-56:19
23        android:appComponentFactory="androidx.core.app.CoreComponentFactory"
23-->[androidx.core:core:1.6.0] AndroidManifest.xml:24:18-86
24        android:debuggable="true"
25        android:icon="@mipmap/launcher_icon"
25-->src/main/AndroidManifest.xml:5:9-45
26        android:label="tripd_travel_app"
26-->src/main/AndroidManifest.xml:4:9-41
27        android:supportsRtl="true" >
27-->[com.facebook.android:facebook-login:12.0.1] AndroidManifest.xml:28:18-44
28        <activity
28-->src/main/AndroidManifest.xml:6:9-34:20
29            android:name="co.tripd.app.MainActivity"
29-->src/main/AndroidManifest.xml:7:13-41
30            android:configChanges="orientation|keyboardHidden|keyboard|screenSize|smallestScreenSize|locale|layoutDirection|fontScale|screenLayout|density|uiMode"
30-->src/main/AndroidManifest.xml:10:13-163
31            android:hardwareAccelerated="true"
31-->src/main/AndroidManifest.xml:11:13-47
32            android:launchMode="singleTop"
32-->src/main/AndroidManifest.xml:8:13-43
33            android:theme="@style/LaunchTheme"
33-->src/main/AndroidManifest.xml:9:13-47
34            android:windowSoftInputMode="adjustResize" >
34-->src/main/AndroidManifest.xml:12:13-55
35
36            <!--
37                 Specifies an Android theme to apply to this Activity as soon as
38                 the Android process has started. This theme is visible to the user
39                 while the Flutter UI initializes. After that, this theme continues
40                 to determine the Window background behind the Flutter UI.
41            -->
42            <meta-data
42-->src/main/AndroidManifest.xml:17:13-20:17
43                android:name="io.flutter.embedding.android.NormalTheme"
43-->src/main/AndroidManifest.xml:18:15-70
44                android:resource="@style/NormalTheme" />
44-->src/main/AndroidManifest.xml:19:15-52
45            <!--
46                 Displays an Android View that continues showing the launch screen
47                 Drawable until Flutter paints its first frame, then this splash
48                 screen fades out. A splash screen is useful to avoid any visual
49                 gap between the end of Android's launch screen and the painting of
50                 Flutter's first frame.
51            -->
52            <meta-data
52-->src/main/AndroidManifest.xml:26:13-29:17
53                android:name="io.flutter.embedding.android.SplashScreenDrawable"
53-->src/main/AndroidManifest.xml:27:15-79
54                android:resource="@drawable/launch_background" />
54-->src/main/AndroidManifest.xml:28:15-61
55
56            <intent-filter>
56-->src/main/AndroidManifest.xml:30:13-33:29
57                <action android:name="android.intent.action.MAIN" />
57-->src/main/AndroidManifest.xml:31:17-68
57-->src/main/AndroidManifest.xml:31:25-66
58
59                <category android:name="android.intent.category.LAUNCHER" />
59-->src/main/AndroidManifest.xml:32:17-76
59-->src/main/AndroidManifest.xml:32:27-74
60            </intent-filter>
61        </activity>
62        <!--
63             Don't delete the meta-data below.
64             This is used by the Flutter tool to generate GeneratedPluginRegistrant.java
65        -->
66        <meta-data
66-->src/main/AndroidManifest.xml:37:9-39:33
67            android:name="flutterEmbedding"
67-->src/main/AndroidManifest.xml:38:13-44
68            android:value="2" />
68-->src/main/AndroidManifest.xml:39:13-30
69        <meta-data
69-->src/main/AndroidManifest.xml:40:9-41:58
70            android:name="com.facebook.sdk.ApplicationId"
70-->src/main/AndroidManifest.xml:40:20-65
71            android:value="@string/facebook_app_id" />
71-->src/main/AndroidManifest.xml:41:17-56
72
73        <activity
73-->src/main/AndroidManifest.xml:42:13-45:52
74            android:name="com.facebook.FacebookActivity"
74-->src/main/AndroidManifest.xml:42:23-67
75            android:configChanges="keyboard|keyboardHidden|screenLayout|screenSize|orientation"
75-->src/main/AndroidManifest.xml:43:17-125
76            android:label="@string/app_name"
76-->src/main/AndroidManifest.xml:45:17-49
77            android:theme="@style/com_facebook_activity_theme" />
77-->[com.facebook.android:facebook-common:12.0.1] AndroidManifest.xml:33:13-63
78        <activity
78-->src/main/AndroidManifest.xml:46:13-55:24
79            android:name="com.facebook.CustomTabActivity"
79-->src/main/AndroidManifest.xml:47:17-62
80            android:exported="true" >
80-->src/main/AndroidManifest.xml:48:17-40
81            <intent-filter>
81-->src/main/AndroidManifest.xml:49:17-54:33
82                <action android:name="android.intent.action.VIEW" />
82-->src/main/AndroidManifest.xml:50:21-73
82-->src/main/AndroidManifest.xml:50:29-70
83
84                <category android:name="android.intent.category.DEFAULT" />
84-->src/main/AndroidManifest.xml:51:21-80
84-->src/main/AndroidManifest.xml:51:31-77
85                <category android:name="android.intent.category.BROWSABLE" />
85-->src/main/AndroidManifest.xml:52:21-82
85-->src/main/AndroidManifest.xml:52:31-79
86
87                <data android:scheme="@string/fb_login_protocol_scheme" />
87-->src/main/AndroidManifest.xml:53:21-79
87-->src/main/AndroidManifest.xml:53:27-76
88            </intent-filter>
89            <intent-filter>
89-->[com.facebook.android:facebook-common:12.0.1] AndroidManifest.xml:39:13-48:29
90                <action android:name="android.intent.action.VIEW" />
90-->src/main/AndroidManifest.xml:50:21-73
90-->src/main/AndroidManifest.xml:50:29-70
91
92                <category android:name="android.intent.category.DEFAULT" />
92-->src/main/AndroidManifest.xml:51:21-80
92-->src/main/AndroidManifest.xml:51:31-77
93                <category android:name="android.intent.category.BROWSABLE" />
93-->src/main/AndroidManifest.xml:52:21-82
93-->src/main/AndroidManifest.xml:52:31-79
94
95                <data
95-->src/main/AndroidManifest.xml:53:21-79
96                    android:host="cct.co.tripd.app"
97                    android:scheme="fbconnect" />
97-->src/main/AndroidManifest.xml:53:27-76
98            </intent-filter>
99        </activity>
100
101        <service
101-->[:firebase_auth] AndroidManifest.xml:8:9-12:19
102            android:name="com.google.firebase.components.ComponentDiscoveryService"
102-->[:firebase_auth] AndroidManifest.xml:8:18-89
103            android:directBootAware="true"
103-->[com.google.firebase:firebase-common:20.0.0] AndroidManifest.xml:35:13-43
104            android:exported="false" >
104-->[com.google.firebase:firebase-auth:21.0.1] AndroidManifest.xml:76:13-37
105            <meta-data
105-->[:firebase_auth] AndroidManifest.xml:9:13-11:85
106                android:name="com.google.firebase.components:io.flutter.plugins.firebase.auth.FlutterFirebaseAuthRegistrar"
106-->[:firebase_auth] AndroidManifest.xml:10:17-124
107                android:value="com.google.firebase.components.ComponentRegistrar" />
107-->[:firebase_auth] AndroidManifest.xml:11:17-82
108            <meta-data
108-->[:firebase_core] AndroidManifest.xml:9:13-11:85
109                android:name="com.google.firebase.components:io.flutter.plugins.firebase.core.FlutterFirebaseCoreRegistrar"
109-->[:firebase_core] AndroidManifest.xml:10:17-124
110                android:value="com.google.firebase.components.ComponentRegistrar" />
110-->[:firebase_core] AndroidManifest.xml:11:17-82
111            <meta-data
111-->[com.google.firebase:firebase-auth:21.0.1] AndroidManifest.xml:77:13-79:85
112                android:name="com.google.firebase.components:com.google.firebase.auth.FirebaseAuthRegistrar"
112-->[com.google.firebase:firebase-auth:21.0.1] AndroidManifest.xml:78:17-109
113                android:value="com.google.firebase.components.ComponentRegistrar" />
113-->[com.google.firebase:firebase-auth:21.0.1] AndroidManifest.xml:79:17-82
114            <meta-data
114-->[com.google.android.gms:play-services-measurement-api:20.0.0] AndroidManifest.xml:30:13-32:85
115                android:name="com.google.firebase.components:com.google.firebase.analytics.connector.internal.AnalyticsConnectorRegistrar"
115-->[com.google.android.gms:play-services-measurement-api:20.0.0] AndroidManifest.xml:31:17-139
116                android:value="com.google.firebase.components.ComponentRegistrar" />
116-->[com.google.android.gms:play-services-measurement-api:20.0.0] AndroidManifest.xml:32:17-82
117            <meta-data
117-->[com.google.firebase:firebase-installations:17.0.0] AndroidManifest.xml:18:13-20:85
118                android:name="com.google.firebase.components:com.google.firebase.installations.FirebaseInstallationsRegistrar"
118-->[com.google.firebase:firebase-installations:17.0.0] AndroidManifest.xml:19:17-127
119                android:value="com.google.firebase.components.ComponentRegistrar" />
119-->[com.google.firebase:firebase-installations:17.0.0] AndroidManifest.xml:20:17-82
120        </service>
121
122        <provider
122-->[:image_picker] AndroidManifest.xml:8:9-16:20
123            android:name="io.flutter.plugins.imagepicker.ImagePickerFileProvider"
123-->[:image_picker] AndroidManifest.xml:9:13-82
124            android:authorities="co.tripd.app.flutter.image_provider"
124-->[:image_picker] AndroidManifest.xml:10:13-74
125            android:exported="false"
125-->[:image_picker] AndroidManifest.xml:11:13-37
126            android:grantUriPermissions="true" >
126-->[:image_picker] AndroidManifest.xml:12:13-47
127            <meta-data
127-->[:image_picker] AndroidManifest.xml:13:13-15:75
128                android:name="android.support.FILE_PROVIDER_PATHS"
128-->[:image_picker] AndroidManifest.xml:14:17-67
129                android:resource="@xml/flutter_image_picker_file_paths" />
129-->[:image_picker] AndroidManifest.xml:15:17-72
130        </provider>
131
132        <service
132-->[:location] AndroidManifest.xml:11:9-15:56
133            android:name="com.lyokone.location.FlutterLocationService"
133-->[:location] AndroidManifest.xml:12:13-71
134            android:enabled="true"
134-->[:location] AndroidManifest.xml:13:13-35
135            android:exported="false"
135-->[:location] AndroidManifest.xml:14:13-37
136            android:foregroundServiceType="location" />
136-->[:location] AndroidManifest.xml:15:13-53
137
138        <activity android:name="com.facebook.CustomTabMainActivity" />
138-->[com.facebook.android:facebook-common:12.0.1] AndroidManifest.xml:34:9-71
138-->[com.facebook.android:facebook-common:12.0.1] AndroidManifest.xml:34:19-68
139        <!--
140         The initialization ContentProvider will call FacebookSdk.sdkInitialize automatically
141         with the application context. This config is merged in with the host app's manifest,
142         but there can only be one provider with the same authority activated at any given
143         point; so if the end user has two or more different apps that use Facebook SDK, only the
144         first one will be able to use the provider. To work around this problem, we use the
145         following placeholder in the authority to identify each host application as if it was
146         a completely different provider.
147        -->
148        <provider
148-->[com.facebook.android:facebook-core:12.0.1] AndroidManifest.xml:39:9-42:40
149            android:name="com.facebook.internal.FacebookInitProvider"
149-->[com.facebook.android:facebook-core:12.0.1] AndroidManifest.xml:40:13-70
150            android:authorities="co.tripd.app.FacebookInitProvider"
150-->[com.facebook.android:facebook-core:12.0.1] AndroidManifest.xml:41:13-72
151            android:exported="false" />
151-->[com.facebook.android:facebook-core:12.0.1] AndroidManifest.xml:42:13-37
152
153        <receiver
153-->[com.facebook.android:facebook-core:12.0.1] AndroidManifest.xml:44:9-50:20
154            android:name="com.facebook.CurrentAccessTokenExpirationBroadcastReceiver"
154-->[com.facebook.android:facebook-core:12.0.1] AndroidManifest.xml:45:13-86
155            android:exported="false" >
155-->[com.facebook.android:facebook-core:12.0.1] AndroidManifest.xml:46:13-37
156            <intent-filter>
156-->[com.facebook.android:facebook-core:12.0.1] AndroidManifest.xml:47:13-49:29
157                <action android:name="com.facebook.sdk.ACTION_CURRENT_ACCESS_TOKEN_CHANGED" />
157-->[com.facebook.android:facebook-core:12.0.1] AndroidManifest.xml:48:17-95
157-->[com.facebook.android:facebook-core:12.0.1] AndroidManifest.xml:48:25-92
158            </intent-filter>
159        </receiver>
160        <receiver
160-->[com.facebook.android:facebook-core:12.0.1] AndroidManifest.xml:51:9-57:20
161            android:name="com.facebook.AuthenticationTokenManager$CurrentAuthenticationTokenChangedBroadcastReceiver"
161-->[com.facebook.android:facebook-core:12.0.1] AndroidManifest.xml:52:13-118
162            android:exported="false" >
162-->[com.facebook.android:facebook-core:12.0.1] AndroidManifest.xml:53:13-37
163            <intent-filter>
163-->[com.facebook.android:facebook-core:12.0.1] AndroidManifest.xml:54:13-56:29
164                <action android:name="com.facebook.sdk.ACTION_CURRENT_AUTHENTICATION_TOKEN_CHANGED" />
164-->[com.facebook.android:facebook-core:12.0.1] AndroidManifest.xml:55:17-103
164-->[com.facebook.android:facebook-core:12.0.1] AndroidManifest.xml:55:25-100
165            </intent-filter>
166        </receiver>
167
168        <activity
168-->[com.google.firebase:firebase-auth:21.0.1] AndroidManifest.xml:27:9-44:20
169            android:name="com.google.firebase.auth.internal.GenericIdpActivity"
169-->[com.google.firebase:firebase-auth:21.0.1] AndroidManifest.xml:28:13-80
170            android:excludeFromRecents="true"
170-->[com.google.firebase:firebase-auth:21.0.1] AndroidManifest.xml:29:13-46
171            android:exported="true"
171-->[com.google.firebase:firebase-auth:21.0.1] AndroidManifest.xml:30:13-36
172            android:launchMode="singleTask"
172-->[com.google.firebase:firebase-auth:21.0.1] AndroidManifest.xml:31:13-44
173            android:theme="@android:style/Theme.Translucent.NoTitleBar" >
173-->[com.google.firebase:firebase-auth:21.0.1] AndroidManifest.xml:32:13-72
174            <intent-filter>
174-->[com.google.firebase:firebase-auth:21.0.1] AndroidManifest.xml:33:13-43:29
175                <action android:name="android.intent.action.VIEW" />
175-->src/main/AndroidManifest.xml:50:21-73
175-->src/main/AndroidManifest.xml:50:29-70
176
177                <category android:name="android.intent.category.DEFAULT" />
177-->src/main/AndroidManifest.xml:51:21-80
177-->src/main/AndroidManifest.xml:51:31-77
178                <category android:name="android.intent.category.BROWSABLE" />
178-->src/main/AndroidManifest.xml:52:21-82
178-->src/main/AndroidManifest.xml:52:31-79
179
180                <data
180-->src/main/AndroidManifest.xml:53:21-79
181                    android:host="firebase.auth"
182                    android:path="/"
183                    android:scheme="genericidp" />
183-->src/main/AndroidManifest.xml:53:27-76
184            </intent-filter>
185        </activity>
186        <activity
186-->[com.google.firebase:firebase-auth:21.0.1] AndroidManifest.xml:45:9-62:20
187            android:name="com.google.firebase.auth.internal.RecaptchaActivity"
187-->[com.google.firebase:firebase-auth:21.0.1] AndroidManifest.xml:46:13-79
188            android:excludeFromRecents="true"
188-->[com.google.firebase:firebase-auth:21.0.1] AndroidManifest.xml:47:13-46
189            android:exported="true"
189-->[com.google.firebase:firebase-auth:21.0.1] AndroidManifest.xml:48:13-36
190            android:launchMode="singleTask"
190-->[com.google.firebase:firebase-auth:21.0.1] AndroidManifest.xml:49:13-44
191            android:theme="@android:style/Theme.Translucent.NoTitleBar" >
191-->[com.google.firebase:firebase-auth:21.0.1] AndroidManifest.xml:50:13-72
192            <intent-filter>
192-->[com.google.firebase:firebase-auth:21.0.1] AndroidManifest.xml:51:13-61:29
193                <action android:name="android.intent.action.VIEW" />
193-->src/main/AndroidManifest.xml:50:21-73
193-->src/main/AndroidManifest.xml:50:29-70
194
195                <category android:name="android.intent.category.DEFAULT" />
195-->src/main/AndroidManifest.xml:51:21-80
195-->src/main/AndroidManifest.xml:51:31-77
196                <category android:name="android.intent.category.BROWSABLE" />
196-->src/main/AndroidManifest.xml:52:21-82
196-->src/main/AndroidManifest.xml:52:31-79
197
198                <data
198-->src/main/AndroidManifest.xml:53:21-79
199                    android:host="firebase.auth"
200                    android:path="/"
201                    android:scheme="recaptcha" />
201-->src/main/AndroidManifest.xml:53:27-76
202            </intent-filter>
203        </activity>
204
205        <service
205-->[com.google.firebase:firebase-auth:21.0.1] AndroidManifest.xml:64:9-73:19
206            android:name="com.google.firebase.auth.api.fallback.service.FirebaseAuthFallbackService"
206-->[com.google.firebase:firebase-auth:21.0.1] AndroidManifest.xml:65:13-101
207            android:enabled="true"
207-->[com.google.firebase:firebase-auth:21.0.1] AndroidManifest.xml:66:13-35
208            android:exported="false" >
208-->[com.google.firebase:firebase-auth:21.0.1] AndroidManifest.xml:67:13-37
209            <intent-filter>
209-->[com.google.firebase:firebase-auth:21.0.1] AndroidManifest.xml:68:13-72:29
210                <action android:name="com.google.firebase.auth.api.gms.service.START" />
210-->[com.google.firebase:firebase-auth:21.0.1] AndroidManifest.xml:69:17-89
210-->[com.google.firebase:firebase-auth:21.0.1] AndroidManifest.xml:69:25-86
211
212                <category android:name="android.intent.category.DEFAULT" />
212-->src/main/AndroidManifest.xml:51:21-80
212-->src/main/AndroidManifest.xml:51:31-77
213            </intent-filter>
214        </service>
215
216        <provider
216-->[com.google.firebase:firebase-common:20.0.0] AndroidManifest.xml:26:9-31:39
217            android:name="com.google.firebase.provider.FirebaseInitProvider"
217-->[com.google.firebase:firebase-common:20.0.0] AndroidManifest.xml:27:13-77
218            android:authorities="co.tripd.app.firebaseinitprovider"
218-->[com.google.firebase:firebase-common:20.0.0] AndroidManifest.xml:28:13-72
219            android:directBootAware="true"
219-->[com.google.firebase:firebase-common:20.0.0] AndroidManifest.xml:29:13-43
220            android:exported="false"
220-->[com.google.firebase:firebase-common:20.0.0] AndroidManifest.xml:30:13-37
221            android:initOrder="100" />
221-->[com.google.firebase:firebase-common:20.0.0] AndroidManifest.xml:31:13-36
222
223        <activity
223-->[com.google.android.gms:play-services-base:17.1.0] AndroidManifest.xml:23:9-26:75
224            android:name="com.google.android.gms.common.api.GoogleApiActivity"
224-->[com.google.android.gms:play-services-base:17.1.0] AndroidManifest.xml:24:13-79
225            android:exported="false"
225-->[com.google.android.gms:play-services-base:17.1.0] AndroidManifest.xml:25:13-37
226            android:theme="@android:style/Theme.Translucent.NoTitleBar" />
226-->[com.google.android.gms:play-services-base:17.1.0] AndroidManifest.xml:26:13-72
227
228        <receiver
228-->[com.google.android.gms:play-services-measurement:20.0.0] AndroidManifest.xml:29:9-33:20
229            android:name="com.google.android.gms.measurement.AppMeasurementReceiver"
229-->[com.google.android.gms:play-services-measurement:20.0.0] AndroidManifest.xml:30:13-85
230            android:enabled="true"
230-->[com.google.android.gms:play-services-measurement:20.0.0] AndroidManifest.xml:31:13-35
231            android:exported="false" >
231-->[com.google.android.gms:play-services-measurement:20.0.0] AndroidManifest.xml:32:13-37
232        </receiver>
233
234        <service
234-->[com.google.android.gms:play-services-measurement:20.0.0] AndroidManifest.xml:35:9-38:40
235            android:name="com.google.android.gms.measurement.AppMeasurementService"
235-->[com.google.android.gms:play-services-measurement:20.0.0] AndroidManifest.xml:36:13-84
236            android:enabled="true"
236-->[com.google.android.gms:play-services-measurement:20.0.0] AndroidManifest.xml:37:13-35
237            android:exported="false" />
237-->[com.google.android.gms:play-services-measurement:20.0.0] AndroidManifest.xml:38:13-37
238        <service
238-->[com.google.android.gms:play-services-measurement:20.0.0] AndroidManifest.xml:39:9-43:72
239            android:name="com.google.android.gms.measurement.AppMeasurementJobService"
239-->[com.google.android.gms:play-services-measurement:20.0.0] AndroidManifest.xml:40:13-87
240            android:enabled="true"
240-->[com.google.android.gms:play-services-measurement:20.0.0] AndroidManifest.xml:41:13-35
241            android:exported="false"
241-->[com.google.android.gms:play-services-measurement:20.0.0] AndroidManifest.xml:42:13-37
242            android:permission="android.permission.BIND_JOB_SERVICE" />
242-->[com.google.android.gms:play-services-measurement:20.0.0] AndroidManifest.xml:43:13-69
243
244        <meta-data
244-->[com.google.android.gms:play-services-basement:17.1.0] AndroidManifest.xml:23:9-25:69
245            android:name="com.google.android.gms.version"
245-->[com.google.android.gms:play-services-basement:17.1.0] AndroidManifest.xml:24:13-58
246            android:value="@integer/google_play_services_version" />
246-->[com.google.android.gms:play-services-basement:17.1.0] AndroidManifest.xml:25:13-66
247    </application>
248
249</manifest>